  animatedsprite.cpp
  AttackHitBox.cpp
  backbuffer.cpp
  Box.cpp
  Enemy.cpp
  entity.cpp
  game.cpp
  inputhandler.cpp
  logmanager.cpp
  main.cpp
  myContactListener.cpp
  Objectpools.cpp
  platform.cpp
  Player.cpp
  SoundManager.cpp
  SplashScreen.cpp
  sprite.cpp
  texture.cpp
  texturemanager.cpp
  Generating code
  26 of 560 functions ( 4.6%) were compiled, the rest were copied from previous compilation.
    0 functions were new in current compilation
    3 functions had inline decision re-evaluated but remain unchanged
  Finished generating code
  Framework.vcxproj -> C:\Users\callu\Desktop\Game Programing\students\callum.drennan\DarkNight\Release\Framework.exe
