backbuffer.obj : error LNK2019: unresolved external symbol SDL_GetError referenced in function "protected: void __cdecl BackBuffer::LogSDLError(void)" (?LogSDLError@BackBuffer@@IEAAXXZ)
backbuffer.obj : error LNK2019: unresolved external symbol SDL_CreateWindow referenced in function "public: bool __cdecl BackBuffer::Initialise(int,int)" (?Initialise@BackBuffer@@QEAA_NHH@Z)
backbuffer.obj : error LNK2019: unresolved external symbol SDL_DestroyWindow referenced in function "public: __cdecl BackBuffer::~BackBuffer(void)" (??1BackBuffer@@QEAA@XZ)
backbuffer.obj : error LNK2019: unresolved external symbol SDL_CreateRenderer referenced in function "public: bool __cdecl BackBuffer::Initialise(int,int)" (?Initialise@BackBuffer@@QEAA_NHH@Z)
backbuffer.obj : error LNK2019: unresolved external symbol SDL_SetRenderDrawColor referenced in function "public: void __cdecl BackBuffer::Clear(void)" (?Clear@BackBuffer@@QEAAXXZ)
backbuffer.obj : error LNK2019: unresolved external symbol SDL_RenderClear referenced in function "public: void __cdecl BackBuffer::Clear(void)" (?Clear@BackBuffer@@QEAAXXZ)
backbuffer.obj : error LNK2019: unresolved external symbol SDL_RenderDrawLine referenced in function "public: void __cdecl BackBuffer::DrawLine(int,int,int,int)" (?DrawLine@BackBuffer@@QEAAXHHHH@Z)
backbuffer.obj : error LNK2019: unresolved external symbol SDL_RenderFillRect referenced in function "public: void __cdecl BackBuffer::DrawRectangle(int,int,int,int)" (?DrawRectangle@BackBuffer@@QEAAXHHHH@Z)
backbuffer.obj : error LNK2019: unresolved external symbol SDL_RenderCopy referenced in function "public: void __cdecl BackBuffer::DrawAnimatedSprite(class AnimatedSprite &)" (?DrawAnimatedSprite@BackBuffer@@QEAAXAEAVAnimatedSprite@@@Z)
backbuffer.obj : error LNK2019: unresolved external symbol SDL_RenderPresent referenced in function "public: void __cdecl BackBuffer::Present(void)" (?Present@BackBuffer@@QEAAXXZ)
backbuffer.obj : error LNK2019: unresolved external symbol SDL_DestroyRenderer referenced in function "public: __cdecl BackBuffer::~BackBuffer(void)" (??1BackBuffer@@QEAA@XZ)
backbuffer.obj : error LNK2019: unresolved external symbol SDL_Init referenced in function "public: bool __cdecl BackBuffer::Initialise(int,int)" (?Initialise@BackBuffer@@QEAA_NHH@Z)
backbuffer.obj : error LNK2019: unresolved external symbol SDL_Quit referenced in function "public: __cdecl BackBuffer::~BackBuffer(void)" (??1BackBuffer@@QEAA@XZ)
backbuffer.obj : error LNK2019: unresolved external symbol IMG_Init referenced in function "public: bool __cdecl BackBuffer::Initialise(int,int)" (?Initialise@BackBuffer@@QEAA_NHH@Z)
backbuffer.obj : error LNK2019: unresolved external symbol IMG_Quit referenced in function "public: __cdecl BackBuffer::~BackBuffer(void)" (??1BackBuffer@@QEAA@XZ)
game.obj : error LNK2019: unresolved external symbol FMOD_System_Create referenced in function "enum FMOD_RESULT __cdecl FMOD::System_Create(class FMOD::System * *)" (?System_Create@FMOD@@YA?AW4FMOD_RESULT@@PEAPEAVSystem@1@@Z)
game.obj : error LNK2019: unresolved external symbol "public: enum FMOD_RESULT __cdecl FMOD::System::release(void)" (?release@System@FMOD@@QEAA?AW4FMOD_RESULT@@XZ) referenced in function "public: __cdecl Game::~Game(void)" (??1Game@@QEAA@XZ)
game.obj : error LNK2019: unresolved external symbol "public: enum FMOD_RESULT __cdecl FMOD::System::init(int,unsigned int,void *)" (?init@System@FMOD@@QEAA?AW4FMOD_RESULT@@HIPEAX@Z) referenced in function "public: bool __cdecl Game::Initialise(void)" (?Initialise@Game@@QEAA_NXZ)
game.obj : error LNK2019: unresolved external symbol "public: enum FMOD_RESULT __cdecl FMOD::System::close(void)" (?close@System@FMOD@@QEAA?AW4FMOD_RESULT@@XZ) referenced in function "public: __cdecl Game::~Game(void)" (??1Game@@QEAA@XZ)
game.obj : error LNK2019: unresolved external symbol "public: enum FMOD_RESULT __cdecl FMOD::System::update(void)" (?update@System@FMOD@@QEAA?AW4FMOD_RESULT@@XZ) referenced in function "protected: void __cdecl Game::Process(float)" (?Process@Game@@IEAAXM@Z)
game.obj : error LNK2019: unresolved external symbol SDL_GetTicks referenced in function "public: bool __cdecl Game::DoGameLoop(void)" (?DoGameLoop@Game@@QEAA_NXZ)
inputhandler.obj : error LNK2019: unresolved external symbol SDL_NumJoysticks referenced in function "public: bool __cdecl InputHandler::Initialise(void)" (?Initialise@InputHandler@@QEAA_NXZ)
inputhandler.obj : error LNK2019: unresolved external symbol SDL_JoystickOpen referenced in function "public: bool __cdecl InputHandler::Initialise(void)" (?Initialise@InputHandler@@QEAA_NXZ)
inputhandler.obj : error LNK2019: unresolved external symbol SDL_JoystickClose referenced in function "public: __cdecl InputHandler::~InputHandler(void)" (??1InputHandler@@QEAA@XZ)
inputhandler.obj : error LNK2019: unresolved external symbol SDL_PollEvent referenced in function "public: void __cdecl InputHandler::ProcessInput(class Game &)" (?ProcessInput@InputHandler@@QEAAXAEAVGame@@@Z)
texture.obj : error LNK2019: unresolved external symbol SDL_FreeSurface referenced in function "public: bool __cdecl Texture::Initialise(char const *,struct SDL_Renderer *)" (?Initialise@Texture@@QEAA_NPEBDPEAUSDL_Renderer@@@Z)
texture.obj : error LNK2019: unresolved external symbol SDL_CreateTextureFromSurface referenced in function "public: bool __cdecl Texture::Initialise(char const *,struct SDL_Renderer *)" (?Initialise@Texture@@QEAA_NPEBDPEAUSDL_Renderer@@@Z)
texture.obj : error LNK2019: unresolved external symbol SDL_QueryTexture referenced in function "public: bool __cdecl Texture::Initialise(char const *,struct SDL_Renderer *)" (?Initialise@Texture@@QEAA_NPEBDPEAUSDL_Renderer@@@Z)
texture.obj : error LNK2019: unresolved external symbol SDL_SetTextureBlendMode referenced in function "public: bool __cdecl Texture::Initialise(char const *,struct SDL_Renderer *)" (?Initialise@Texture@@QEAA_NPEBDPEAUSDL_Renderer@@@Z)
texture.obj : error LNK2019: unresolved external symbol SDL_DestroyTexture referenced in function "public: __cdecl Texture::~Texture(void)" (??1Texture@@QEAA@XZ)
texture.obj : error LNK2019: unresolved external symbol IMG_Load referenced in function "public: bool __cdecl Texture::Initialise(char const *,struct SDL_Renderer *)" (?Initialise@Texture@@QEAA_NPEBDPEAUSDL_Renderer@@@Z)
MSVCRTD.lib(exe_winmain.obj) : error LNK2019: unresolved external symbol WinMain referenced in function "int __cdecl invoke_main(void)" (?invoke_main@@YAHXZ)
C:\Users\callu\Desktop\Game Programing\students\callum.drennan\DarkNight\\..\..\..\shared\API-SDL\SDL2-devel-2.0.8-VC\SDL2-2.0.8\lib\x86\SDL2.lib : warning LNK4272: library machine type 'x86' conflicts with target machine type 'x64'
C:\Users\callu\Desktop\Game Programing\students\callum.drennan\DarkNight\\..\..\..\shared\API-SDL\SDL2-devel-2.0.8-VC\SDL2-2.0.8\lib\x86\SDL2main.lib : warning LNK4272: library machine type 'x86' conflicts with target machine type 'x64'
C:\Users\callu\Desktop\Game Programing\students\callum.drennan\DarkNight\\..\..\..\shared\API-SDL\SDL2_image-devel-2.0.3-VC\SDL2_image-2.0.3\lib\x86\SDL2_image.lib : warning LNK4272: library machine type 'x86' conflicts with target machine type 'x64'
C:\Users\callu\Desktop\Game Programing\students\callum.drennan\DarkNight\\..\..\..\shared\API-FMOD\fmodstudioapi11007win-installer\api\lowlevel\lib\\fmod_vc.lib : warning LNK4272: library machine type 'x86' conflicts with target machine type 'x64'
C:\Users\callu\Desktop\Game Programing\students\callum.drennan\DarkNight\x64\Debug\Framework.exe : fatal error LNK1120: 32 unresolved externals
