c:\users\callu\desktop\game programing\students\callum.drennan\darknight\framework\x64\debug\vc141.pdb
c:\users\callu\desktop\game programing\students\callum.drennan\darknight\framework\x64\debug\vc141.idb
c:\users\callu\desktop\game programing\students\callum.drennan\darknight\framework\x64\debug\texturemanager.obj
c:\users\callu\desktop\game programing\students\callum.drennan\darknight\framework\x64\debug\texture.obj
c:\users\callu\desktop\game programing\students\callum.drennan\darknight\framework\x64\debug\sprite.obj
c:\users\callu\desktop\game programing\students\callum.drennan\darknight\framework\x64\debug\player.obj
c:\users\callu\desktop\game programing\students\callum.drennan\darknight\framework\x64\debug\main.obj
c:\users\callu\desktop\game programing\students\callum.drennan\darknight\framework\x64\debug\logmanager.obj
c:\users\callu\desktop\game programing\students\callum.drennan\darknight\framework\x64\debug\inputhandler.obj
c:\users\callu\desktop\game programing\students\callum.drennan\darknight\framework\x64\debug\game.obj
c:\users\callu\desktop\game programing\students\callum.drennan\darknight\framework\x64\debug\explosion.obj
c:\users\callu\desktop\game programing\students\callum.drennan\darknight\framework\x64\debug\entity.obj
c:\users\callu\desktop\game programing\students\callum.drennan\darknight\framework\x64\debug\enemy.obj
c:\users\callu\desktop\game programing\students\callum.drennan\darknight\framework\x64\debug\bullet.obj
c:\users\callu\desktop\game programing\students\callum.drennan\darknight\framework\x64\debug\backbuffer.obj
c:\users\callu\desktop\game programing\students\callum.drennan\darknight\framework\x64\debug\animatedsprite.obj
c:\users\callu\desktop\game programing\students\callum.drennan\darknight\x64\debug\framework.pdb
c:\users\callu\desktop\game programing\students\callum.drennan\darknight\framework\x64\debug\framework.tlog\cl.command.1.tlog
c:\users\callu\desktop\game programing\students\callum.drennan\darknight\framework\x64\debug\framework.tlog\cl.read.1.tlog
c:\users\callu\desktop\game programing\students\callum.drennan\darknight\framework\x64\debug\framework.tlog\cl.write.1.tlog
c:\users\callu\desktop\game programing\students\callum.drennan\darknight\framework\x64\debug\framework.tlog\link-cvtres.read.1.tlog
c:\users\callu\desktop\game programing\students\callum.drennan\darknight\framework\x64\debug\framework.tlog\link-cvtres.write.1.tlog
c:\users\callu\desktop\game programing\students\callum.drennan\darknight\framework\x64\debug\framework.tlog\link-rc.read.1.tlog
c:\users\callu\desktop\game programing\students\callum.drennan\darknight\framework\x64\debug\framework.tlog\link-rc.write.1.tlog
c:\users\callu\desktop\game programing\students\callum.drennan\darknight\framework\x64\debug\framework.tlog\link.command.1.tlog
c:\users\callu\desktop\game programing\students\callum.drennan\darknight\framework\x64\debug\framework.tlog\link.read.1.tlog
c:\users\callu\desktop\game programing\students\callum.drennan\darknight\framework\x64\debug\framework.tlog\link.write.1.tlog
