c:\users\callu\desktop\game programing\students\callum.drennan\darknight\framework\debug\vc141.pdb
c:\users\callu\desktop\game programing\students\callum.drennan\darknight\framework\debug\vc141.idb
c:\users\callu\desktop\game programing\students\callum.drennan\darknight\framework\debug\texturemanager.obj
c:\users\callu\desktop\game programing\students\callum.drennan\darknight\framework\debug\texture.obj
c:\users\callu\desktop\game programing\students\callum.drennan\darknight\framework\debug\sprite.obj
c:\users\callu\desktop\game programing\students\callum.drennan\darknight\framework\debug\soundmanager.obj
c:\users\callu\desktop\game programing\students\callum.drennan\darknight\framework\debug\player.obj
c:\users\callu\desktop\game programing\students\callum.drennan\darknight\framework\debug\platform.obj
c:\users\callu\desktop\game programing\students\callum.drennan\darknight\framework\debug\objectpools.obj
c:\users\callu\desktop\game programing\students\callum.drennan\darknight\framework\debug\mycontactlistener.obj
c:\users\callu\desktop\game programing\students\callum.drennan\darknight\framework\debug\main.obj
c:\users\callu\desktop\game programing\students\callum.drennan\darknight\framework\debug\logmanager.obj
c:\users\callu\desktop\game programing\students\callum.drennan\darknight\framework\debug\inputhandler.obj
c:\users\callu\desktop\game programing\students\callum.drennan\darknight\framework\debug\game.obj
c:\users\callu\desktop\game programing\students\callum.drennan\darknight\framework\debug\explosion.obj
c:\users\callu\desktop\game programing\students\callum.drennan\darknight\framework\debug\entity.obj
c:\users\callu\desktop\game programing\students\callum.drennan\darknight\framework\debug\enemy.obj
c:\users\callu\desktop\game programing\students\callum.drennan\darknight\framework\debug\bullet.obj
c:\users\callu\desktop\game programing\students\callum.drennan\darknight\framework\debug\box.obj
c:\users\callu\desktop\game programing\students\callum.drennan\darknight\framework\debug\backbuffer.obj
c:\users\callu\desktop\game programing\students\callum.drennan\darknight\framework\debug\attackhitbox.obj
c:\users\callu\desktop\game programing\students\callum.drennan\darknight\framework\debug\animatedsprite.obj
c:\users\callu\desktop\game programing\students\callum.drennan\darknight\framework\debug\splashscreen.obj
c:\users\callu\desktop\game programing\students\callum.drennan\darknight\debug\framework.exe
c:\users\callu\desktop\game programing\students\callum.drennan\darknight\debug\framework.ilk
c:\users\callu\desktop\game programing\students\callum.drennan\darknight\debug\framework.pdb
c:\users\callu\desktop\game programing\students\callum.drennan\darknight\framework\debug\framework.tlog\cl.command.1.tlog
c:\users\callu\desktop\game programing\students\callum.drennan\darknight\framework\debug\framework.tlog\cl.read.1.tlog
c:\users\callu\desktop\game programing\students\callum.drennan\darknight\framework\debug\framework.tlog\cl.write.1.tlog
c:\users\callu\desktop\game programing\students\callum.drennan\darknight\framework\debug\framework.tlog\link.command.1.tlog
c:\users\callu\desktop\game programing\students\callum.drennan\darknight\framework\debug\framework.tlog\link.read.1.tlog
c:\users\callu\desktop\game programing\students\callum.drennan\darknight\framework\debug\framework.tlog\link.write.1.tlog
